<?xml version="1.0" encoding="UTF-8"?>
<!-- Generated by org.testng.reporters.JUnitReportReporter -->
<testsuite skipped="0" hostname="Chethans-MacBook-Air.local" name="com.pharmeasy.MercuryUI.PurchaseEntry.TC025_VerifyAllSearchFieldsInSplitVerifierPage" tests="1" failures="0" timestamp="21 Feb 2019 06:30:00 GMT" time="34.034" errors="0">
  <testcase name="verifySearchByDateFunctionality" time="34.034" classname="com.pharmeasy.MercuryUI.PurchaseEntry.TC025_VerifyAllSearchFieldsInSplitVerifierPage"/>
</testsuite> <!-- com.pharmeasy.MercuryUI.PurchaseEntry.TC025_VerifyAllSearchFieldsInSplitVerifierPage -->
