<?xml version="1.0" encoding="UTF-8"?>
<!-- Generated by org.testng.reporters.JUnitReportReporter -->
<testsuite skipped="0" hostname="Chethans-MacBook-Air.local" name="com.pharmeasy.MercuryUI.PurchaseEntry.TC024_VerifyPurchaseEntryCreationInPendingEntryPage" tests="1" failures="0" timestamp="18 Feb 2019 09:59:37 GMT" time="52.441" errors="0">
  <testcase name="verifySaveAndFunctionalityByDeletingAnItem" time="52.441" classname="com.pharmeasy.MercuryUI.PurchaseEntry.TC024_VerifyPurchaseEntryCreationInPendingEntryPage"/>
</testsuite> <!-- com.pharmeasy.MercuryUI.PurchaseEntry.TC024_VerifyPurchaseEntryCreationInPendingEntryPage -->
