<?xml version="1.0" encoding="UTF-8"?>
<!-- Generated by org.testng.reporters.JUnitReportReporter -->
<testsuite skipped="0" hostname="Chethans-MacBook-Air.local" name="com.pharmeasy.MercuryUI.Gatepass.TC_001_VerifyNewEntryFunctionality" tests="1" failures="0" timestamp="12 Feb 2019 15:43:52 GMT" time="22.198" errors="0">
  <testcase name="verifyNewEntryFunctionality" time="22.198" classname="com.pharmeasy.MercuryUI.Gatepass.TC_001_VerifyNewEntryFunctionality"/>
</testsuite> <!-- com.pharmeasy.MercuryUI.Gatepass.TC_001_VerifyNewEntryFunctionality -->
