<?xml version="1.0" encoding="UTF-8"?>
<!-- Generated by org.testng.reporters.JUnitReportReporter -->
<testsuite skipped="0" hostname="Chethans-MacBook-Air.local" name="com.pharmeasy.MercuryUI.PurchaseEntry.TC019_VerifySaveAndContinueButtonFunctionalityInPurchasePage" tests="1" failures="0" timestamp="21 Feb 2019 06:30:00 GMT" time="44.224" errors="0">
  <testcase name="verifySaveAndContinueFunctionality" time="44.224" classname="com.pharmeasy.MercuryUI.PurchaseEntry.TC019_VerifySaveAndContinueButtonFunctionalityInPurchasePage"/>
</testsuite> <!-- com.pharmeasy.MercuryUI.PurchaseEntry.TC019_VerifySaveAndContinueButtonFunctionalityInPurchasePage -->
