<?xml version="1.0" encoding="UTF-8"?>
<!-- Generated by org.testng.reporters.JUnitReportReporter -->
<testsuite hostname="Chethans-MacBook-Air.local" failures="0" tests="1" name="com.pharmeasy.MercuryUI.PurchaseEntry.TC_003_VerifyNewEntryFunctionalityFromPurchase" time="19.863" errors="0" timestamp="24 Jan 2019 06:10:55 GMT" skipped="0">
  <testcase classname="com.pharmeasy.MercuryUI.PurchaseEntry.TC_003_VerifyNewEntryFunctionalityFromPurchase" name="verifyNewEntryFunctionality" time="19.863"/>
</testsuite> <!-- com.pharmeasy.MercuryUI.PurchaseEntry.TC_003_VerifyNewEntryFunctionalityFromPurchase -->
