<?xml version="1.0" encoding="UTF-8"?>
<!-- Generated by org.testng.reporters.JUnitReportReporter -->
<testsuite skipped="0" hostname="Chethans-MacBook-Air.local" name="com.pharmeasy.MercuryUI.PurchaseEntry.TC030_verifyRaiseIssueFunctionality" tests="1" failures="0" timestamp="21 Feb 2019 06:30:00 GMT" time="35.527" errors="0">
  <testcase name="verifyIssueItemNameAndBatch" time="35.527" classname="com.pharmeasy.MercuryUI.PurchaseEntry.TC030_verifyRaiseIssueFunctionality"/>
</testsuite> <!-- com.pharmeasy.MercuryUI.PurchaseEntry.TC030_verifyRaiseIssueFunctionality -->
