<?xml version="1.0" encoding="UTF-8"?>
<!-- Generated by org.testng.reporters.JUnitReportReporter -->
<testsuite skipped="0" hostname="Chethans-MacBook-Air.local" name="com.pharmeasy.MercuryUI.PurchaseEntry.TC020_VerifyTheItemDetailsAfterSaveInPendingEntries" tests="1" failures="0" timestamp="04 Feb 2019 06:37:05 GMT" time="67.753" errors="0">
  <testcase name="verifyTheItemDetailsAfterSaveInPendingEntries" time="67.753" classname="com.pharmeasy.MercuryUI.PurchaseEntry.TC020_VerifyTheItemDetailsAfterSaveInPendingEntries"/>
</testsuite> <!-- com.pharmeasy.MercuryUI.PurchaseEntry.TC020_VerifyTheItemDetailsAfterSaveInPendingEntries -->
