<?xml version="1.0" encoding="UTF-8"?>
<!-- Generated by org.testng.reporters.JUnitReportReporter -->
<testsuite skipped="0" hostname="Chethans-MacBook-Air.local" name="com.pharmeasy.MercuryUI.Gatepass.TC012_VerifyPagination" tests="1" failures="0" timestamp="19 Feb 2019 08:34:40 GMT" time="45.953" errors="0">
  <testcase name="verifyPaginationNEXTbuttonInGatepassPage" time="45.953" classname="com.pharmeasy.MercuryUI.Gatepass.TC012_VerifyPagination"/>
</testsuite> <!-- com.pharmeasy.MercuryUI.Gatepass.TC012_VerifyPagination -->
