<?xml version="1.0" encoding="UTF-8"?>
<!-- Generated by org.testng.reporters.JUnitReportReporter -->
<testsuite skipped="0" hostname="Chethans-MacBook-Air.local" name="com.pharmeasy.MercuryUI.Gatepass.TC_005_VerifyMandatoryFields" tests="3" failures="0" timestamp="12 Feb 2019 15:42:27 GMT" time="64.937" errors="0">
  <testcase name="verifyMandatoryFieldMSG_Invoice" time="21.725" classname="com.pharmeasy.MercuryUI.Gatepass.TC_005_VerifyMandatoryFields"/>
  <testcase name="verifyMandatoryFieldMSG_Amount" time="22.174" classname="com.pharmeasy.MercuryUI.Gatepass.TC_005_VerifyMandatoryFields"/>
  <testcase name="verifyMandatoryFieldMSG_PO" time="21.038" classname="com.pharmeasy.MercuryUI.Gatepass.TC_005_VerifyMandatoryFields"/>
</testsuite> <!-- com.pharmeasy.MercuryUI.Gatepass.TC_005_VerifyMandatoryFields -->
