<?xml version="1.0" encoding="UTF-8"?>
<!-- Generated by org.testng.reporters.JUnitReportReporter -->
<testsuite hostname="Chethans-MacBook-Air.local" failures="0" tests="1" name="com.pharmeasy.MercuryUI.Base.TC_009_VerifyInvoiceNumberSearchFunctionality" time="31.431" errors="0" timestamp="22 Jan 2019 13:09:03 GMT" skipped="0">
  <testcase classname="com.pharmeasy.MercuryUI.Base.TC_009_VerifyInvoiceNumberSearchFunctionality" name="verifyInvoiceNumberSearch" time="31.431"/>
</testsuite> <!-- com.pharmeasy.MercuryUI.Base.TC_009_VerifyInvoiceNumberSearchFunctionality -->
