<?xml version="1.0" encoding="UTF-8"?>
<!-- Generated by org.testng.reporters.JUnitReportReporter -->
<testsuite skipped="0" hostname="Chethans-MacBook-Air.local" name="com.pharmeasy.MercuryUI.PurchaseEntry.TC018_VerifySchemeFunctionality" tests="1" failures="0" timestamp="01 Feb 2019 09:05:17 GMT" time="35.233" errors="0">
  <testcase name="verifySchemeFunctionalityWithoutSchemeDiscPercentage" time="35.233" classname="com.pharmeasy.MercuryUI.PurchaseEntry.TC018_VerifySchemeFunctionality"/>
</testsuite> <!-- com.pharmeasy.MercuryUI.PurchaseEntry.TC018_VerifySchemeFunctionality -->
