<?xml version="1.0" encoding="UTF-8"?>
<!-- Generated by org.testng.reporters.JUnitReportReporter -->
<testsuite skipped="0" hostname="Chethans-MacBook-Air.local" name="com.pharmeasy.MercuryUI.Gatepass.TC_010_VerifyDateSearchFunctionality" tests="1" failures="0" timestamp="12 Feb 2019 15:42:42 GMT" time="31.810" errors="0">
  <testcase name="verifyDateSearch" time="31.810" classname="com.pharmeasy.MercuryUI.Gatepass.TC_010_VerifyDateSearchFunctionality"/>
</testsuite> <!-- com.pharmeasy.MercuryUI.Gatepass.TC_010_VerifyDateSearchFunctionality -->
