<?xml version="1.0" encoding="UTF-8"?>
<!-- Generated by org.testng.reporters.JUnitReportReporter -->
<testsuite skipped="0" hostname="Chethans-MacBook-Air.local" name="com.pharmeasy.MercuryUI.Gatepass.TC_002_VerifyVendorSelection" tests="1" failures="0" timestamp="15 Feb 2019 12:46:43 GMT" time="21.254" errors="0">
  <testcase name="verifyVendorSelectionInGatePassPage" time="21.254" classname="com.pharmeasy.MercuryUI.Gatepass.TC_002_VerifyVendorSelection"/>
</testsuite> <!-- com.pharmeasy.MercuryUI.Gatepass.TC_002_VerifyVendorSelection -->
