<?xml version="1.0" encoding="UTF-8"?>
<!-- Generated by org.testng.reporters.JUnitReportReporter -->
<testsuite skipped="0" hostname="Chethans-MacBook-Air.local" name="com.pharmeasy.MercuryUI.PurchaseEntry.TC018_VerifySchemeDiscFunctionality" tests="1" failures="0" timestamp="21 Feb 2019 06:30:00 GMT" time="35.807" errors="0">
  <testcase name="verifySchemeFunctionalityWithSchemeQtyWithoutSchemeDiscPercentage" time="35.807" classname="com.pharmeasy.MercuryUI.PurchaseEntry.TC018_VerifySchemeDiscFunctionality"/>
</testsuite> <!-- com.pharmeasy.MercuryUI.PurchaseEntry.TC018_VerifySchemeDiscFunctionality -->
