<?xml version="1.0" encoding="UTF-8"?>
<!-- Generated by org.testng.reporters.JUnitReportReporter -->
<testsuite skipped="0" hostname="Chethans-MacBook-Air.local" name="com.pharmeasy.MercuryUI.PurchaseEntry.TC005_VerifyErrorMessagesForMandatoryFields" tests="1" failures="0" timestamp="21 Feb 2019 06:30:00 GMT" time="27.479" errors="0">
  <testcase name="verifyInvoiceNumberField" time="27.479" classname="com.pharmeasy.MercuryUI.PurchaseEntry.TC005_VerifyErrorMessagesForMandatoryFields"/>
</testsuite> <!-- com.pharmeasy.MercuryUI.PurchaseEntry.TC005_VerifyErrorMessagesForMandatoryFields -->
