<?xml version="1.0" encoding="UTF-8"?>
<!-- Generated by org.testng.reporters.JUnitReportReporter -->
<testsuite skipped="0" hostname="Chethans-MacBook-Air.local" name="com.pharmeasy.MercuryUI.Gatepass.TC_006_VerifyMandatoryFieldsAreHighlighted" tests="2" failures="0" timestamp="12 Feb 2019 15:42:32 GMT" time="46.787" errors="0">
  <testcase name="verifyMandatoryFieldMSG_Invoicenum" time="24.635" classname="com.pharmeasy.MercuryUI.Gatepass.TC_006_VerifyMandatoryFieldsAreHighlighted"/>
  <testcase name="verifyMandatoryFieldMSG_Amount" time="22.152" classname="com.pharmeasy.MercuryUI.Gatepass.TC_006_VerifyMandatoryFieldsAreHighlighted"/>
</testsuite> <!-- com.pharmeasy.MercuryUI.Gatepass.TC_006_VerifyMandatoryFieldsAreHighlighted -->
