<?xml version="1.0" encoding="UTF-8"?>
<!-- Generated by org.testng.reporters.JUnitReportReporter -->
<testsuite skipped="0" hostname="Chethans-MacBook-Air.local" name="com.pharmeasy.MercuryUI.Gatepass.TC_009_VerifyInvoiceNumberSearchFunctionality" tests="1" failures="0" timestamp="12 Feb 2019 15:43:17 GMT" time="30.088" errors="0">
  <testcase name="verifyInvoiceNumberSearch" time="30.088" classname="com.pharmeasy.MercuryUI.Gatepass.TC_009_VerifyInvoiceNumberSearchFunctionality"/>
</testsuite> <!-- com.pharmeasy.MercuryUI.Gatepass.TC_009_VerifyInvoiceNumberSearchFunctionality -->
