<?xml version="1.0" encoding="UTF-8"?>
<!-- Generated by org.testng.reporters.JUnitReportReporter -->
<testsuite skipped="0" hostname="Chethans-MacBook-Air.local" name="com.pharmeasy.MercuryUI.Codecheck" tests="1" failures="0" timestamp="29 Jan 2019 11:46:37 GMT" time="44.392" errors="0">
  <testcase name="codeCheck" time="44.392" classname="com.pharmeasy.MercuryUI.Codecheck"/>
</testsuite> <!-- com.pharmeasy.MercuryUI.Codecheck -->
