<?xml version="1.0" encoding="UTF-8"?>
<!-- Generated by org.testng.reporters.JUnitReportReporter -->
<testsuite skipped="0" hostname="Chethans-MacBook-Air.local" name="com.pharmeasy.MercuryUI.PurchaseEntry.TC026_VerifyPurchaseCreationInSplitVerifier" tests="1" failures="0" timestamp="21 Feb 2019 06:30:00 GMT" time="50.392" errors="0">
  <testcase name="verifyPurchaseCreationInSplitVerifier" time="50.392" classname="com.pharmeasy.MercuryUI.PurchaseEntry.TC026_VerifyPurchaseCreationInSplitVerifier"/>
</testsuite> <!-- com.pharmeasy.MercuryUI.PurchaseEntry.TC026_VerifyPurchaseCreationInSplitVerifier -->
