<?xml version="1.0" encoding="UTF-8"?>
<!-- Generated by org.testng.reporters.JUnitReportReporter -->
<testsuite skipped="0" hostname="Chethans-MacBook-Air.local" name="com.pharmeasy.MercuryUI.PurchaseEntry.TC027_VerifyPendingEntryPurchaseInSplitVerifier" tests="1" failures="0" timestamp="21 Feb 2019 06:30:00 GMT" time="54.717" errors="0">
  <testcase name="verifyPendingPurchaseInSplitVerifier" time="54.717" classname="com.pharmeasy.MercuryUI.PurchaseEntry.TC027_VerifyPendingEntryPurchaseInSplitVerifier"/>
</testsuite> <!-- com.pharmeasy.MercuryUI.PurchaseEntry.TC027_VerifyPendingEntryPurchaseInSplitVerifier -->
