<?xml version="1.0" encoding="UTF-8"?>
<!-- Generated by org.testng.reporters.JUnitReportReporter -->
<testsuite hostname="Chethans-MacBook-Air.local" failures="0" tests="3" name="com.pharmeasy.MercuryUI.Gatepass.CreateGatepass" time="86.562" errors="0" timestamp="21 Jan 2019 11:06:47 GMT" skipped="0">
  <testcase classname="com.pharmeasy.MercuryUI.Gatepass.CreateGatepass" name="createGatepass" time="29.761"/>
  <testcase classname="com.pharmeasy.MercuryUI.Gatepass.CreateGatepass" name="createGatepass" time="28.534"/>
  <testcase classname="com.pharmeasy.MercuryUI.Gatepass.CreateGatepass" name="createGatepass" time="28.267"/>
</testsuite> <!-- com.pharmeasy.MercuryUI.Gatepass.CreateGatepass -->
