<?xml version="1.0" encoding="UTF-8"?>
<!-- Generated by org.testng.reporters.JUnitReportReporter -->
<testsuite skipped="0" hostname="Chethans-MacBook-Air.local" name="com.pharmeasy.MercuryUI.Gatepass.TC_003_VerifyGatePassCreation" tests="1" failures="0" timestamp="12 Feb 2019 15:44:32 GMT" time="22.747" errors="0">
  <testcase name="verifyGatePassCreation" time="22.747" classname="com.pharmeasy.MercuryUI.Gatepass.TC_003_VerifyGatePassCreation"/>
</testsuite> <!-- com.pharmeasy.MercuryUI.Gatepass.TC_003_VerifyGatePassCreation -->
