<?xml version="1.0" encoding="UTF-8"?>
<!-- Generated by org.testng.reporters.JUnitReportReporter -->
<testsuite skipped="0" hostname="Chethans-MacBook-Air.local" name="com.pharmeasy.MercuryUI.Gatepass.TC_007_VerifyErrorMessageForVendorSelection" tests="1" failures="0" timestamp="12 Feb 2019 15:42:47 GMT" time="22.857" errors="0">
  <testcase name="verifyErrorMSGforVendor" time="22.857" classname="com.pharmeasy.MercuryUI.Gatepass.TC_007_VerifyErrorMessageForVendorSelection"/>
</testsuite> <!-- com.pharmeasy.MercuryUI.Gatepass.TC_007_VerifyErrorMessageForVendorSelection -->
