<?xml version="1.0" encoding="UTF-8"?>
<!-- Generated by org.testng.reporters.JUnitReportReporter -->
<testsuite skipped="0" hostname="Chethans-MacBook-Air.local" name="com.pharmeasy.MercuryUI.PurchaseEntry.TC019_VerifySaveAndContinueButtonFunctionality" tests="1" failures="0" timestamp="02 Feb 2019 13:40:39 GMT" time="44.002" errors="0">
  <testcase name="verifySaveAndContinueFunctionality" time="44.002" classname="com.pharmeasy.MercuryUI.PurchaseEntry.TC019_VerifySaveAndContinueButtonFunctionality"/>
</testsuite> <!-- com.pharmeasy.MercuryUI.PurchaseEntry.TC019_VerifySaveAndContinueButtonFunctionality -->
