<?xml version="1.0" encoding="UTF-8"?>
<!-- Generated by org.testng.reporters.JUnitReportReporter -->
<testsuite skipped="0" hostname="Chethans-MacBook-Air.local" name="com.pharmeasy.MercuryUI.PurchaseEntry.TC022_VerifyAllSearchFieldsInPendingEntries" tests="1" failures="0" timestamp="04 Feb 2019 09:34:26 GMT" time="84.426" errors="0">
  <testcase name="verifyUcodeSearch" time="84.426" classname="com.pharmeasy.MercuryUI.PurchaseEntry.TC022_VerifyAllSearchFieldsInPendingEntries"/>
</testsuite> <!-- com.pharmeasy.MercuryUI.PurchaseEntry.TC022_VerifyAllSearchFieldsInPendingEntries -->
