<?xml version="1.0" encoding="UTF-8"?>
<!-- Generated by org.testng.reporters.JUnitReportReporter -->
<testsuite skipped="0" hostname="Chethans-MacBook-Air.local" name="com.pharmeasy.MercuryUI.PurchaseEntry.TC020_VerifyAllTheDetailsInPendingEntries" tests="1" failures="0" timestamp="04 Feb 2019 05:08:01 GMT" time="28.906" errors="0">
  <testcase name="verifyAllTheDetailsInPendingEntries" time="28.906" classname="com.pharmeasy.MercuryUI.PurchaseEntry.TC020_VerifyAllTheDetailsInPendingEntries"/>
</testsuite> <!-- com.pharmeasy.MercuryUI.PurchaseEntry.TC020_VerifyAllTheDetailsInPendingEntries -->
