<?xml version="1.0" encoding="UTF-8"?>
<!-- Generated by org.testng.reporters.JUnitReportReporter -->
<testsuite skipped="0" hostname="Chethans-MacBook-Air.local" name="com.pharmeasy.MercuryUI.PurchaseEntry.TC001_VerifySearchByDateFunctionality" tests="1" failures="0" timestamp="11 Feb 2019 11:41:01 GMT" time="32.390" errors="0">
  <testcase name="verifySearchByDateFunctionality" time="32.390" classname="com.pharmeasy.MercuryUI.PurchaseEntry.TC001_VerifySearchByDateFunctionality"/>
</testsuite> <!-- com.pharmeasy.MercuryUI.PurchaseEntry.TC001_VerifySearchByDateFunctionality -->
